# JRE version: Java(TM) SE Runtime Environment (7.0_60-b19) (build 1.7.0_60-b19)
# Java VM: Java HotSpot(TM) 64-Bit Server VM (24.60-b09 mixed mode linux-amd64 compressed oops)
Heap
 PSYoungGen      total 237568K, used 237556K [0x00000000eaa80000, 0x00000000faf80000, 0x0000000100000000)
  eden space 223232K, 100% used [0x00000000eaa80000,0x00000000f8480000,0x00000000f8480000)
  from space 14336K, 99% used [0x00000000f9780000,0x00000000fa57d010,0x00000000fa580000)
  to   space 19456K, 99% used [0x00000000f8480000,0x00000000f977d050,0x00000000f9780000)
 ParOldGen       total 36352K, used 27961K [0x00000000c0000000, 0x00000000c2380000, 0x00000000eaa80000)
  object space 36352K, 76% used [0x00000000c0000000,0x00000000c1b4e720,0x00000000c2380000)
 PSPermGen       total 34304K, used 33856K [0x00000000b0000000, 0x00000000b2180000, 0x00000000c0000000)
  object space 34304K, 98% used [0x00000000b0000000,0x00000000b21103a0,0x00000000b2180000)
GC Heap History (10 events):
Event: 3.411 GC heap after
Heap after GC invocations=4 (full 0):
 PSYoungGen      total 59392K, used 2032K [0x00000000eaa80000, 0x00000000ee680000, 0x0000000100000000)
  eden space 57344K, 0% used [0x00000000eaa80000,0x00000000eaa80000,0x00000000ee280000)
  from space 2048K, 99% used [0x00000000ee480000,0x00000000ee67c010,0x00000000ee680000)
  to   space 2048K, 0% used [0x00000000ee280000,0x00000000ee280000,0x00000000ee480000)
 ParOldGen       total 36352K, used 9294K [0x00000000c0000000, 0x00000000c2380000, 0x00000000eaa80000)
  object space 36352K, 25% used [0x00000000c0000000,0x00000000c0913af8,0x00000000c2380000)
 PSPermGen       total 21504K, used 14718K [0x00000000b0000000, 0x00000000b1500000, 0x00000000c0000000)
  object space 21504K, 68% used [0x00000000b0000000,0x00000000b0e5fb18,0x00000000b1500000)
}
Event: 5.238 GC heap before
{Heap before GC invocations=5 (full 0):
 PSYoungGen      total 59392K, used 59376K [0x00000000eaa80000, 0x00000000ee680000, 0x0000000100000000)
  eden space 57344K, 100% used [0x00000000eaa80000,0x00000000ee280000,0x00000000ee280000)
  from space 2048K, 99% used [0x00000000ee480000,0x00000000ee67c010,0x00000000ee680000)
  to   space 2048K, 0% used [0x00000000ee280000,0x00000000ee280000,0x00000000ee480000)
 ParOldGen       total 36352K, used 9294K [0x00000000c0000000, 0x00000000c2380000, 0x00000000eaa80000)
  object space 36352K, 25% used [0x00000000c0000000,0x00000000c0913af8,0x00000000c2380000)
 PSPermGen       total 21504K, used 19265K [0x00000000b0000000, 0x00000000b1500000, 0x00000000c0000000)
  object space 21504K, 89% used [0x00000000b0000000,0x00000000b12d0608,0x00000000b1500000)
Event: 5.266 GC heap after
Heap after GC invocations=5 (full 0):
 PSYoungGen      total 59392K, used 2048K [0x00000000eaa80000, 0x00000000f2e80000, 0x0000000100000000)
  eden space 57344K, 0% used [0x00000000eaa80000,0x00000000eaa80000,0x00000000ee280000)
  from space 2048K, 100% used [0x00000000ee280000,0x00000000ee480000,0x00000000ee480000)
  to   space 10240K, 0% used [0x00000000f2480000,0x00000000f2480000,0x00000000f2e80000)
 ParOldGen       total 36352K, used 16188K [0x00000000c0000000, 0x00000000c2380000, 0x00000000eaa80000)
  object space 36352K, 44% used [0x00000000c0000000,0x00000000c0fcf110,0x00000000c2380000)
 PSPermGen       total 21504K, used 19265K [0x00000000b0000000, 0x00000000b1500000, 0x00000000c0000000)
  object space 21504K, 89% used [0x00000000b0000000,0x00000000b12d0608,0x00000000b1500000)
}
Event: 7.021 GC heap before
{Heap before GC invocations=6 (full 0):
 PSYoungGen      total 59392K, used 59392K [0x00000000eaa80000, 0x00000000f2e80000, 0x0000000100000000)
  eden space 57344K, 100% used [0x00000000eaa80000,0x00000000ee280000,0x00000000ee280000)
  from space 2048K, 100% used [0x00000000ee280000,0x00000000ee480000,0x00000000ee480000)
  to   space 10240K, 0% used [0x00000000f2480000,0x00000000f2480000,0x00000000f2e80000)
 ParOldGen       total 36352K, used 16188K [0x00000000c0000000, 0x00000000c2380000, 0x00000000eaa80000)
  object space 36352K, 44% used [0x00000000c0000000,0x00000000c0fcf110,0x00000000c2380000)
 PSPermGen       total 23552K, used 23316K [0x00000000b0000000, 0x00000000b1700000, 0x00000000c0000000)
  object space 23552K, 99% used [0x00000000b0000000,0x00000000b16c5208,0x00000000b1700000)
Event: 7.049 GC heap after
Heap after GC invocations=6 (full 0):
 PSYoungGen      total 124416K, used 7424K [0x00000000eaa80000, 0x00000000f2f80000, 0x0000000100000000)
  eden space 114176K, 0% used [0x00000000eaa80000,0x00000000eaa80000,0x00000000f1a00000)
  from space 10240K, 72% used [0x00000000f2480000,0x00000000f2bc03c8,0x00000000f2e80000)
  to   space 10752K, 0% used [0x00000000f1a00000,0x00000000f1a00000,0x00000000f2480000)
 ParOldGen       total 36352K, used 16188K [0x00000000c0000000, 0x00000000c2380000, 0x00000000eaa80000)
  object space 36352K, 44% used [0x00000000c0000000,0x00000000c0fcf110,0x00000000c2380000)
 PSPermGen       total 23552K, used 23316K [0x00000000b0000000, 0x00000000b1700000, 0x00000000c0000000)
  object space 23552K, 99% used [0x00000000b0000000,0x00000000b16c5208,0x00000000b1700000)
}
Event: 9.611 GC heap before
{Heap before GC invocations=7 (full 0):
 PSYoungGen      total 124416K, used 121600K [0x00000000eaa80000, 0x00000000f2f80000, 0x0000000100000000)
  eden space 114176K, 100% used [0x00000000eaa80000,0x00000000f1a00000,0x00000000f1a00000)
  from space 10240K, 72% used [0x00000000f2480000,0x00000000f2bc03c8,0x00000000f2e80000)
  to   space 10752K, 0% used [0x00000000f1a00000,0x00000000f1a00000,0x00000000f2480000)
 ParOldGen       total 36352K, used 16188K [0x00000000c0000000, 0x00000000c2380000, 0x00000000eaa80000)
  object space 36352K, 44% used [0x00000000c0000000,0x00000000c0fcf110,0x00000000c2380000)
 PSPermGen       total 27136K, used 26639K [0x00000000b0000000, 0x00000000b1a80000, 0x00000000c0000000)
  object space 27136K, 98% used [0x00000000b0000000,0x00000000b1a03e18,0x00000000b1a80000)
Event: 9.676 GC heap after
Heap after GC invocations=7 (full 0):
 PSYoungGen      total 124928K, used 10740K [0x00000000eaa80000, 0x00000000fa580000, 0x0000000100000000)
  eden space 114176K, 0% used [0x00000000eaa80000,0x00000000eaa80000,0x00000000f1a00000)
  from space 10752K, 99% used [0x00000000f1a00000,0x00000000f247d040,0x00000000f2480000)
  to   space 14336K, 0% used [0x00000000f9780000,0x00000000f9780000,0x00000000fa580000)
 ParOldGen       total 36352K, used 19789K [0x00000000c0000000, 0x00000000c2380000, 0x00000000eaa80000)
  object space 36352K, 54% used [0x00000000c0000000,0x00000000c1353568,0x00000000c2380000)
 PSPermGen       total 27136K, used 26639K [0x00000000b0000000, 0x00000000b1a80000, 0x00000000c0000000)
  object space 27136K, 98% used [0x00000000b0000000,0x00000000b1a03e18,0x00000000b1a80000)
}
Event: 12.932 GC heap before
{Heap before GC invocations=8 (full 0):
 PSYoungGen      total 124928K, used 124916K [0x00000000eaa80000, 0x00000000fa580000, 0x0000000100000000)
  eden space 114176K, 100% used [0x00000000eaa80000,0x00000000f1a00000,0x00000000f1a00000)
  from space 10752K, 99% used [0x00000000f1a00000,0x00000000f247d040,0x00000000f2480000)
  to   space 14336K, 0% used [0x00000000f9780000,0x00000000f9780000,0x00000000fa580000)
 ParOldGen       total 36352K, used 19789K [0x00000000c0000000, 0x00000000c2380000, 0x00000000eaa80000)
  object space 36352K, 54% used [0x00000000c0000000,0x00000000c1353568,0x00000000c2380000)
 PSPermGen       total 30208K, used 29890K [0x00000000b0000000, 0x00000000b1d80000, 0x00000000c0000000)
  object space 30208K, 98% used [0x00000000b0000000,0x00000000b1d30930,0x00000000b1d80000)
Event: 13.012 GC heap after
Heap after GC invocations=8 (full 0):
 PSYoungGen      total 237568K, used 14324K [0x00000000eaa80000, 0x00000000faf80000, 0x0000000100000000)
  eden space 223232K, 0% used [0x00000000eaa80000,0x00000000eaa80000,0x00000000f8480000)
  from space 14336K, 99% used [0x00000000f9780000,0x00000000fa57d010,0x00000000fa580000)
  to   space 19456K, 0% used [0x00000000f8480000,0x00000000f8480000,0x00000000f9780000)
 ParOldGen       total 36352K, used 25853K [0x00000000c0000000, 0x00000000c2380000, 0x00000000eaa80000)
  object space 36352K, 71% used [0x00000000c0000000,0x00000000c193f6f0,0x00000000c2380000)
 PSPermGen       total 30208K, used 29890K [0x00000000b0000000, 0x00000000b1d80000, 0x00000000c0000000)
  object space 30208K, 98% used [0x00000000b0000000,0x00000000b1d30930,0x00000000b1d80000)
}
Event: 24.486 GC heap before
{Heap before GC invocations=9 (full 0):
 PSYoungGen      total 237568K, used 237556K [0x00000000eaa80000, 0x00000000faf80000, 0x0000000100000000)
  eden space 223232K, 100% used [0x00000000eaa80000,0x00000000f8480000,0x00000000f8480000)
  from space 14336K, 99% used [0x00000000f9780000,0x00000000fa57d010,0x00000000fa580000)
  to   space 19456K, 0% used [0x00000000f8480000,0x00000000f8480000,0x00000000f9780000)
 ParOldGen       total 36352K, used 25853K [0x00000000c0000000, 0x00000000c2380000, 0x00000000eaa80000)
  object space 36352K, 71% used [0x00000000c0000000,0x00000000c193f6f0,0x00000000c2380000)
 PSPermGen       total 34304K, used 33856K [0x00000000b0000000, 0x00000000b2180000, 0x00000000c0000000)
  object space 34304K, 98% used [0x00000000b0000000,0x00000000b21103a0,0x00000000b2180000)

